C51 COMPILER V9.59.0.0   MAIN                                                              05/30/2019 23:38:32 PAGE 1   


C51 COMPILER V9.59.0.0, COMPILATION OF MODULE MAIN
OBJECT MODULE PLACED IN .\Objects\main.obj
COMPILER INVOKED BY: F:\Keil\C51\BIN\C51.EXE Sources\main.c OPTIMIZE(8,SPEED) BROWSE DEBUG OBJECTEXTEND PRINT(.\Listings
                    -\main.lst) TABS(2) OBJECT(.\Objects\main.obj)

line level    source

   1          #include <ADUC841.H>
   2          #include "switch.h"
   3          #include "display_8d.h"
   4          #include "adc.h"
   5          
   6          void main() {
   7   1        uint16 j;
   8   1        init_8display();
   9   1        setup_adc();
  10   1      
  11   1        while(1) {
  12   2          for(j = 0; j < 10000; j++);
  13   2          get_mode();
  14   2        }
  15   1      }


MODULE INFORMATION:   STATIC OVERLAYABLE
   CODE SIZE        =     25    ----
   CONSTANT SIZE    =   ----    ----
   XDATA SIZE       =   ----    ----
   PDATA SIZE       =   ----    ----
   DATA SIZE        =   ----    ----
   IDATA SIZE       =   ----    ----
   BIT SIZE         =   ----    ----
END OF MODULE INFORMATION.


C51 COMPILATION COMPLETE.  0 WARNING(S),  0 ERROR(S)
